\BOOKMARK [0][-]{chapter.1}{\376\377\0001\000\040\000\315\000n\000d\000i\000c\000e\000\040\000d\000a\000s\000\040\000E\000s\000t\000r\000u\000t\000u\000r\000a\000s\000\040\000d\000e\000\040\000D\000a\000d\000o\000s}{}% 1
\BOOKMARK [1][-]{section.1.1}{\376\377\0001\000.\0001\000\040\000E\000s\000t\000r\000u\000t\000u\000r\000a\000s\000\040\000d\000e\000\040\000D\000a\000d\000o\000s}{chapter.1}% 2
\BOOKMARK [0][-]{chapter.2}{\376\377\0002\000\040\000\315\000n\000d\000i\000c\000e\000\040\000d\000o\000s\000\040\000A\000r\000q\000u\000i\000v\000o\000s}{}% 3
\BOOKMARK [1][-]{section.2.1}{\376\377\0002\000.\0001\000\040\000L\000i\000s\000t\000a\000\040\000d\000e\000\040\000A\000r\000q\000u\000i\000v\000o\000s}{chapter.2}% 4
\BOOKMARK [0][-]{chapter.3}{\376\377\0003\000\040\000E\000s\000t\000r\000u\000t\000u\000r\000a\000s}{}% 5
\BOOKMARK [1][-]{section.3.1}{\376\377\0003\000.\0001\000\040\000R\000e\000f\000e\000r\000\352\000n\000c\000i\000a\000\040\000d\000a\000\040\000E\000s\000t\000r\000u\000t\000u\000r\000a\000\040\000C\000e\000l\000u\000l\000a\000\137\000p\000r\000i\000v}{chapter.3}% 6
\BOOKMARK [2][-]{subsection.3.1.1}{\376\377\0003\000.\0001\000.\0001\000\040\000D\000e\000s\000c\000r\000i\000\347\000\343\000o\000\040\000D\000e\000t\000a\000l\000h\000a\000d\000a}{section.3.1}% 7
\BOOKMARK [2][-]{subsection.3.1.2}{\376\377\0003\000.\0001\000.\0002\000\040\000C\000a\000m\000p\000o\000s}{section.3.1}% 8
\BOOKMARK [3][-]{subsubsection.3.1.2.1}{\376\377\0003\000.\0001\000.\0002\000.\0001\000\040\000d\000u\000r\000a\000c\000a\000o}{subsection.3.1.2}% 9
\BOOKMARK [3][-]{subsubsection.3.1.2.2}{\376\377\0003\000.\0001\000.\0002\000.\0002\000\040\000e\000x\000e\000c\000u\000t\000a\000d\000a}{subsection.3.1.2}% 10
\BOOKMARK [3][-]{subsubsection.3.1.2.3}{\376\377\0003\000.\0001\000.\0002\000.\0003\000\040\000i\000d\000\137\000e\000x\000t\000e\000r\000n\000o}{subsection.3.1.2}% 11
\BOOKMARK [3][-]{subsubsection.3.1.2.4}{\376\377\0003\000.\0001\000.\0002\000.\0004\000\040\000i\000n\000i\000\137\000m\000i\000n}{subsection.3.1.2}% 12
\BOOKMARK [3][-]{subsubsection.3.1.2.5}{\376\377\0003\000.\0001\000.\0002\000.\0005\000\040\000n\000o\000m\000e}{subsection.3.1.2}% 13
\BOOKMARK [3][-]{subsubsection.3.1.2.6}{\376\377\0003\000.\0001\000.\0002\000.\0006\000\040\000p\000r\000e\000\137\000r\000e\000q}{subsection.3.1.2}% 14
\BOOKMARK [3][-]{subsubsection.3.1.2.7}{\376\377\0003\000.\0001\000.\0002\000.\0007\000\040\000r\000e\000q\000s}{subsection.3.1.2}% 15
\BOOKMARK [1][-]{section.3.2}{\376\377\0003\000.\0002\000\040\000R\000e\000f\000e\000r\000\352\000n\000c\000i\000a\000\040\000d\000a\000\040\000E\000s\000t\000r\000u\000t\000u\000r\000a\000\040\000g\000r\000a\000f\000o\000\137\000p\000r\000i\000v}{chapter.3}% 16
\BOOKMARK [2][-]{subsection.3.2.1}{\376\377\0003\000.\0002\000.\0001\000\040\000D\000e\000s\000c\000r\000i\000\347\000\343\000o\000\040\000D\000e\000t\000a\000l\000h\000a\000d\000a}{section.3.2}% 17
\BOOKMARK [2][-]{subsection.3.2.2}{\376\377\0003\000.\0002\000.\0002\000\040\000C\000a\000m\000p\000o\000s}{section.3.2}% 18
\BOOKMARK [3][-]{subsubsection.3.2.2.1}{\376\377\0003\000.\0002\000.\0002\000.\0001\000\040\000o\000r\000i\000g\000e\000m}{subsection.3.2.2}% 19
\BOOKMARK [3][-]{subsubsection.3.2.2.2}{\376\377\0003\000.\0002\000.\0002\000.\0002\000\040\000t\000a\000b\000e\000l\000a}{subsection.3.2.2}% 20
\BOOKMARK [3][-]{subsubsection.3.2.2.3}{\376\377\0003\000.\0002\000.\0002\000.\0003\000\040\000v\000e\000r\000t}{subsection.3.2.2}% 21
\BOOKMARK [1][-]{section.3.3}{\376\377\0003\000.\0003\000\040\000R\000e\000f\000e\000r\000\352\000n\000c\000i\000a\000\040\000d\000a\000\040\000E\000s\000t\000r\000u\000t\000u\000r\000a\000\040\000l\000i\000s\000t\000a\000\137\000a\000r\000e\000s\000t\000a}{chapter.3}% 22
\BOOKMARK [2][-]{subsection.3.3.1}{\376\377\0003\000.\0003\000.\0001\000\040\000D\000e\000s\000c\000r\000i\000\347\000\343\000o\000\040\000D\000e\000t\000a\000l\000h\000a\000d\000a}{section.3.3}% 23
\BOOKMARK [2][-]{subsection.3.3.2}{\376\377\0003\000.\0003\000.\0002\000\040\000C\000a\000m\000p\000o\000s}{section.3.3}% 24
\BOOKMARK [3][-]{subsubsection.3.3.2.1}{\376\377\0003\000.\0003\000.\0002\000.\0001\000\040\000d\000e\000s\000t\000i\000n\000o}{subsection.3.3.2}% 25
\BOOKMARK [3][-]{subsubsection.3.3.2.2}{\376\377\0003\000.\0003\000.\0002\000.\0002\000\040\000n\000e\000x\000t}{subsection.3.3.2}% 26
\BOOKMARK [3][-]{subsubsection.3.3.2.3}{\376\377\0003\000.\0003\000.\0002\000.\0003\000\040\000p\000e\000s\000o}{subsection.3.3.2}% 27
\BOOKMARK [1][-]{section.3.4}{\376\377\0003\000.\0004\000\040\000R\000e\000f\000e\000r\000\352\000n\000c\000i\000a\000\040\000d\000a\000\040\000E\000s\000t\000r\000u\000t\000u\000r\000a\000\040\000l\000i\000s\000t\000a\000\137\000o\000r\000i\000g\000e\000m}{chapter.3}% 28
\BOOKMARK [2][-]{subsection.3.4.1}{\376\377\0003\000.\0004\000.\0001\000\040\000D\000e\000s\000c\000r\000i\000\347\000\343\000o\000\040\000D\000e\000t\000a\000l\000h\000a\000d\000a}{section.3.4}% 29
\BOOKMARK [2][-]{subsection.3.4.2}{\376\377\0003\000.\0004\000.\0002\000\040\000C\000a\000m\000p\000o\000s}{section.3.4}% 30
\BOOKMARK [3][-]{subsubsection.3.4.2.1}{\376\377\0003\000.\0004\000.\0002\000.\0001\000\040\000d\000e\000s\000t\000i\000n\000o}{subsection.3.4.2}% 31
\BOOKMARK [3][-]{subsubsection.3.4.2.2}{\376\377\0003\000.\0004\000.\0002\000.\0002\000\040\000n\000e\000x\000t}{subsection.3.4.2}% 32
\BOOKMARK [1][-]{section.3.5}{\376\377\0003\000.\0005\000\040\000R\000e\000f\000e\000r\000\352\000n\000c\000i\000a\000\040\000d\000a\000\040\000E\000s\000t\000r\000u\000t\000u\000r\000a\000\040\000l\000i\000s\000t\000a\000\137\000v\000e\000r\000t}{chapter.3}% 33
\BOOKMARK [2][-]{subsection.3.5.1}{\376\377\0003\000.\0005\000.\0001\000\040\000D\000e\000s\000c\000r\000i\000\347\000\343\000o\000\040\000D\000e\000t\000a\000l\000h\000a\000d\000a}{section.3.5}% 34
\BOOKMARK [2][-]{subsection.3.5.2}{\376\377\0003\000.\0005\000.\0002\000\040\000C\000a\000m\000p\000o\000s}{section.3.5}% 35
\BOOKMARK [3][-]{subsubsection.3.5.2.1}{\376\377\0003\000.\0005\000.\0002\000.\0001\000\040\000a\000n\000t\000e\000c\000e\000s\000s\000o\000r\000e\000s}{subsection.3.5.2}% 36
\BOOKMARK [3][-]{subsubsection.3.5.2.2}{\376\377\0003\000.\0005\000.\0002\000.\0002\000\040\000i\000d}{subsection.3.5.2}% 37
\BOOKMARK [3][-]{subsubsection.3.5.2.3}{\376\377\0003\000.\0005\000.\0002\000.\0003\000\040\000i\000d\000\137\000e\000x\000t\000e\000r\000n\000o}{subsection.3.5.2}% 38
\BOOKMARK [3][-]{subsubsection.3.5.2.4}{\376\377\0003\000.\0005\000.\0002\000.\0004\000\040\000n\000e\000x\000t}{subsection.3.5.2}% 39
\BOOKMARK [3][-]{subsubsection.3.5.2.5}{\376\377\0003\000.\0005\000.\0002\000.\0005\000\040\000s\000u\000c\000e\000s\000s\000o\000r\000e\000s}{subsection.3.5.2}% 40
\BOOKMARK [1][-]{section.3.6}{\376\377\0003\000.\0006\000\040\000R\000e\000f\000e\000r\000\352\000n\000c\000i\000a\000\040\000d\000a\000\040\000E\000s\000t\000r\000u\000t\000u\000r\000a\000\040\000l\000i\000s\000t\000a\000\137\000v\000e\000r\000t\000\137\000c\000o\000d\000i\000g\000o}{chapter.3}% 41
\BOOKMARK [2][-]{subsection.3.6.1}{\376\377\0003\000.\0006\000.\0001\000\040\000D\000e\000s\000c\000r\000i\000\347\000\343\000o\000\040\000D\000e\000t\000a\000l\000h\000a\000d\000a}{section.3.6}% 42
\BOOKMARK [2][-]{subsection.3.6.2}{\376\377\0003\000.\0006\000.\0002\000\040\000C\000a\000m\000p\000o\000s}{section.3.6}% 43
\BOOKMARK [3][-]{subsubsection.3.6.2.1}{\376\377\0003\000.\0006\000.\0002\000.\0001\000\040\000d\000a\000d\000o}{subsection.3.6.2}% 44
\BOOKMARK [3][-]{subsubsection.3.6.2.2}{\376\377\0003\000.\0006\000.\0002\000.\0002\000\040\000i\000d}{subsection.3.6.2}% 45
\BOOKMARK [3][-]{subsubsection.3.6.2.3}{\376\377\0003\000.\0006\000.\0002\000.\0003\000\040\000n\000e\000x\000t}{subsection.3.6.2}% 46
\BOOKMARK [0][-]{chapter.4}{\376\377\0004\000\040\000A\000r\000q\000u\000i\000v\000o\000s}{}% 47
\BOOKMARK [1][-]{section.4.1}{\376\377\0004\000.\0001\000\040\000R\000e\000f\000e\000r\000\352\000n\000c\000i\000a\000\040\000d\000o\000\040\000A\000r\000q\000u\000i\000v\000o\000\040\000/\000h\000o\000m\000e\000/\000r\000a\000f\000a\000e\000l\000/\000P\000r\000o\000j\000e\000t\000o\000F\000i\000n\000a\000l\000M\000P\000/\000F\000a\000s\000e\0002\000I\000n\000t\000e\000r\000f\000a\000c\000e\000/\000i\000n\000c\000l\000u\000d\000e\000/\000g\000r\000a\000f\000o\000.\000h}{chapter.4}% 48
\BOOKMARK [2][-]{subsection.4.1.1}{\376\377\0004\000.\0001\000.\0001\000\040\000D\000e\000f\000i\000n\000i\000\347\000\365\000e\000s\000\040\000d\000o\000s\000\040\000t\000i\000p\000o\000s}{section.4.1}% 49
\BOOKMARK [3][-]{subsubsection.4.1.1.1}{\376\377\0004\000.\0001\000.\0001\000.\0001\000\040\000C\000e\000l\000u\000l\000a\000\137\000p\000r\000i\000v\000\137\000t}{subsection.4.1.1}% 50
\BOOKMARK [3][-]{subsubsection.4.1.1.2}{\376\377\0004\000.\0001\000.\0001\000.\0002\000\040\000g\000r\000a\000f\000o\000\137\000p\000r\000i\000v\000\137\000t}{subsection.4.1.1}% 51
\BOOKMARK [3][-]{subsubsection.4.1.1.3}{\376\377\0004\000.\0001\000.\0001\000.\0003\000\040\000r\000e\000s\000p\000o\000s\000t\000a}{subsection.4.1.1}% 52
\BOOKMARK [2][-]{subsection.4.1.2}{\376\377\0004\000.\0001\000.\0002\000\040\000E\000n\000u\000m\000e\000r\000a\000\347\000\365\000e\000s}{section.4.1}% 53
\BOOKMARK [3][-]{subsubsection.4.1.2.1}{\376\377\0004\000.\0001\000.\0002\000.\0001\000\040\000r\000e\000s\000p}{subsection.4.1.2}% 54
\BOOKMARK [2][-]{subsection.4.1.3}{\376\377\0004\000.\0001\000.\0003\000\040\000F\000u\000n\000\347\000\365\000e\000s}{section.4.1}% 55
\BOOKMARK [3][-]{subsubsection.4.1.3.1}{\376\377\0004\000.\0001\000.\0003\000.\0001\000\040\000a\000c\000h\000a\000r\000\137\000c\000e\000l\000u\000l\000a\000\050\000c\000o\000n\000s\000t\000\040\000g\000r\000a\000f\000o\000\137\000p\000r\000i\000v\000\137\000t\000\040\000m\000e\000u\000\137\000g\000r\000a\000f\000o\000,\000\040\000i\000n\000t\000\040\000i\000d\000\137\000e\000x\000t\000e\000r\000n\000o\000\051}{subsection.4.1.3}% 56
\BOOKMARK [3][-]{subsubsection.4.1.3.2}{\376\377\0004\000.\0001\000.\0003\000.\0002\000\040\000a\000c\000h\000a\000r\000\137\000i\000d\000\050\000c\000o\000n\000s\000t\000\040\000g\000r\000a\000f\000o\000\137\000p\000r\000i\000v\000\137\000t\000\040\000m\000e\000u\000\137\000g\000r\000a\000f\000o\000,\000\040\000i\000n\000t\000\040\000i\000d\000\137\000e\000x\000t\000e\000r\000n\000o\000\051}{subsection.4.1.3}% 57
\BOOKMARK [3][-]{subsubsection.4.1.3.3}{\376\377\0004\000.\0001\000.\0003\000.\0003\000\040\000c\000r\000i\000a\000r\000\137\000g\000r\000a\000f\000o\000\050\000v\000o\000i\000d\000\051}{subsection.4.1.3}% 58
\BOOKMARK [3][-]{subsubsection.4.1.3.4}{\376\377\0004\000.\0001\000.\0003\000.\0004\000\040\000d\000e\000l\000e\000t\000a\000r\000\137\000g\000r\000a\000f\000o\000\050\000g\000r\000a\000f\000o\000\137\000p\000r\000i\000v\000\137\000t\000\040\000m\000e\000u\000\137\000g\000r\000a\000f\000o\000\051}{subsection.4.1.3}% 59
\BOOKMARK [3][-]{subsubsection.4.1.3.5}{\376\377\0004\000.\0001\000.\0003\000.\0005\000\040\000e\000d\000i\000t\000a\000r\000\137\000c\000e\000l\000u\000l\000a\000\050\000g\000r\000a\000f\000o\000\137\000p\000r\000i\000v\000\137\000t\000\040\000m\000e\000u\000\137\000g\000r\000a\000f\000o\000,\000\040\000i\000n\000t\000\040\000I\000D\000\051}{subsection.4.1.3}% 60
\BOOKMARK [3][-]{subsubsection.4.1.3.6}{\376\377\0004\000.\0001\000.\0003\000.\0006\000\040\000e\000h\000\137\000c\000o\000n\000e\000x\000o\000\050\000c\000o\000n\000s\000t\000\040\000g\000r\000a\000f\000o\000\137\000p\000r\000i\000v\000\137\000t\000\040\000m\000e\000u\000\137\000g\000r\000a\000f\000o\000\051}{subsection.4.1.3}% 61
\BOOKMARK [3][-]{subsubsection.4.1.3.7}{\376\377\0004\000.\0001\000.\0003\000.\0007\000\040\000e\000x\000i\000s\000t\000e\000\137\000a\000r\000e\000s\000t\000a\000\050\000c\000o\000n\000s\000t\000\040\000g\000r\000a\000f\000o\000\137\000p\000r\000i\000v\000\137\000t\000\040\000m\000e\000u\000\137\000g\000r\000a\000f\000o\000,\000\040\000i\000n\000t\000\040\000i\000d\000\137\000e\000x\000t\000e\000r\000n\000o\0001\000,\000\040\000i\000n\000t\000\040\000i\000d\000\137\000e\000x\000t\000e\000r\000n\000o\0002\000\051}{subsection.4.1.3}% 62
\BOOKMARK [3][-]{subsubsection.4.1.3.8}{\376\377\0004\000.\0001\000.\0003\000.\0008\000\040\000e\000x\000i\000s\000t\000e\000\137\000v\000e\000r\000t\000\050\000c\000o\000n\000s\000t\000\040\000g\000r\000a\000f\000o\000\137\000p\000r\000i\000v\000\137\000t\000\040\000m\000e\000u\000\137\000g\000r\000a\000f\000o\000,\000\040\000i\000n\000t\000\040\000i\000d\000\137\000e\000x\000t\000e\000r\000n\000o\000\051}{subsection.4.1.3}% 63
\BOOKMARK [3][-]{subsubsection.4.1.3.9}{\376\377\0004\000.\0001\000.\0003\000.\0009\000\040\000G\000r\000a\000v\000a\000\137\000A\000r\000q\000\050\000g\000r\000a\000f\000o\000\137\000p\000r\000i\000v\000\137\000t\000\040\000m\000e\000u\000\137\000g\000r\000a\000f\000o\000,\000\040\000c\000h\000a\000r\000\040\000N\000o\000m\000e\000A\000r\000q\000\051}{subsection.4.1.3}% 64
\BOOKMARK [3][-]{subsubsection.4.1.3.10}{\376\377\0004\000.\0001\000.\0003\000.\0001\0000\000\040\000I\000m\000p\000r\000i\000m\000e\000\137\000T\000a\000r\000e\000f\000a\000s\000\050\000c\000o\000n\000s\000t\000\040\000g\000r\000a\000f\000o\000\137\000p\000r\000i\000v\000\137\000t\000\040\000m\000e\000u\000\137\000g\000r\000a\000f\000o\000,\000\040\000i\000n\000t\000\040\000l\000i\000n\000h\000a\000,\000\040\000i\000n\000t\000\040\000c\000o\000l\000u\000n\000a\000\051}{subsection.4.1.3}% 65
\BOOKMARK [3][-]{subsubsection.4.1.3.11}{\376\377\0004\000.\0001\000.\0003\000.\0001\0001\000\040\000i\000n\000s\000e\000r\000i\000r\000\137\000a\000r\000e\000s\000t\000a\000\050\000g\000r\000a\000f\000o\000\137\000p\000r\000i\000v\000\137\000t\000\040\000m\000e\000u\000\137\000g\000r\000a\000f\000o\000,\000\040\000i\000n\000t\000\040\000i\000d\000\137\000e\000x\000t\000e\000r\000n\000o\0001\000,\000\040\000C\000e\000l\000u\000l\000a\000\137\000p\000r\000i\000v\000\137\000t\000\040\000c\000e\000l\000u\000l\000a\0002\000,\000\040\000i\000n\000t\000\040\000p\000e\000s\000o\000\051}{subsection.4.1.3}% 66
\BOOKMARK [3][-]{subsubsection.4.1.3.12}{\376\377\0004\000.\0001\000.\0003\000.\0001\0002\000\040\000i\000n\000s\000e\000r\000i\000r\000\137\000v\000e\000r\000t\000\050\000g\000r\000a\000f\000o\000\137\000p\000r\000i\000v\000\137\000t\000\040\000m\000e\000u\000\137\000g\000r\000a\000f\000o\000,\000\040\000C\000e\000l\000u\000l\000a\000\137\000p\000r\000i\000v\000\137\000t\000\040\000c\000e\000l\000u\000l\000a\000\051}{subsection.4.1.3}% 67
\BOOKMARK [3][-]{subsubsection.4.1.3.13}{\376\377\0004\000.\0001\000.\0003\000.\0001\0003\000\040\000j\000a\000\137\000f\000e\000i\000t\000o\000\050\000c\000o\000n\000s\000t\000\040\000g\000r\000a\000f\000o\000\137\000p\000r\000i\000v\000\137\000t\000\040\000m\000e\000u\000\137\000g\000r\000a\000f\000o\000,\000\040\000i\000n\000t\000\040\000d\000\051}{subsection.4.1.3}% 68
\BOOKMARK [3][-]{subsubsection.4.1.3.14}{\376\377\0004\000.\0001\000.\0003\000.\0001\0004\000\040\000L\000e\000r\000\137\000T\000a\000r\000e\000f\000a\000s\000\050\000g\000r\000a\000f\000o\000\137\000p\000r\000i\000v\000\137\000t\000\040\000m\000e\000u\000\137\000g\000r\000a\000f\000o\000,\000\040\000C\000e\000l\000u\000l\000a\000\137\000p\000r\000i\000v\000\137\000t\000\040\000c\000e\000l\000u\000l\000a\000,\000\040\000c\000o\000n\000s\000t\000\040\000c\000h\000a\000r\000\040\000N\000o\000m\000e\000A\000r\000q\000\051}{subsection.4.1.3}% 69
\BOOKMARK [3][-]{subsubsection.4.1.3.15}{\376\377\0004\000.\0001\000.\0003\000.\0001\0005\000\040\000m\000a\000i\000o\000r\000\137\000i\000d\000\050\000c\000o\000n\000s\000t\000\040\000g\000r\000a\000f\000o\000\137\000p\000r\000i\000v\000\137\000t\000\040\000m\000e\000u\000\137\000g\000r\000a\000f\000o\000\051}{subsection.4.1.3}% 70
\BOOKMARK [3][-]{subsubsection.4.1.3.16}{\376\377\0004\000.\0001\000.\0003\000.\0001\0006\000\040\000m\000e\000n\000o\000r\000\137\000c\000a\000m\000i\000n\000h\000o\000\050\000c\000o\000n\000s\000t\000\040\000g\000r\000a\000f\000o\000\137\000p\000r\000i\000v\000\137\000t\000\040\000m\000e\000u\000\137\000g\000r\000a\000f\000o\000,\000\040\000i\000n\000t\000\040\000d\000i\000s\000t\000\051}{subsection.4.1.3}% 71
\BOOKMARK [3][-]{subsubsection.4.1.3.17}{\376\377\0004\000.\0001\000.\0003\000.\0001\0007\000\040\000n\000u\000m\000\137\000a\000r\000e\000s\000t\000a\000s\000\050\000c\000o\000n\000s\000t\000\040\000g\000r\000a\000f\000o\000\137\000p\000r\000i\000v\000\137\000t\000\040\000m\000e\000u\000\137\000g\000r\000a\000f\000o\000\051}{subsection.4.1.3}% 72
\BOOKMARK [3][-]{subsubsection.4.1.3.18}{\376\377\0004\000.\0001\000.\0003\000.\0001\0008\000\040\000n\000u\000m\000\137\000v\000e\000r\000t\000\050\000c\000o\000n\000s\000t\000\040\000g\000r\000a\000f\000o\000\137\000p\000r\000i\000v\000\137\000t\000\040\000m\000e\000u\000\137\000g\000r\000a\000f\000o\000\051}{subsection.4.1.3}% 73
\BOOKMARK [3][-]{subsubsection.4.1.3.19}{\376\377\0004\000.\0001\000.\0003\000.\0001\0009\000\040\000r\000e\000m\000o\000v\000e\000r\000\137\000a\000r\000e\000s\000t\000a\000\050\000g\000r\000a\000f\000o\000\137\000p\000r\000i\000v\000\137\000t\000\040\000m\000e\000u\000\137\000g\000r\000a\000f\000o\000,\000\040\000i\000n\000t\000\040\000i\000d\000\137\000e\000x\000t\000e\000r\000n\000o\0001\000,\000\040\000i\000n\000t\000\040\000i\000d\000\137\000e\000x\000t\000e\000r\000n\000o\0002\000\051}{subsection.4.1.3}% 74
\BOOKMARK [3][-]{subsubsection.4.1.3.20}{\376\377\0004\000.\0001\000.\0003\000.\0002\0000\000\040\000r\000e\000m\000o\000v\000e\000r\000\137\000v\000e\000r\000t\000\050\000g\000r\000a\000f\000o\000\137\000p\000r\000i\000v\000\137\000t\000\040\000m\000e\000u\000\137\000g\000r\000a\000f\000o\000,\000\040\000i\000n\000t\000\040\000i\000d\000\137\000e\000x\000t\000e\000r\000n\000o\000\051}{subsection.4.1.3}% 75
\BOOKMARK [3][-]{subsubsection.4.1.3.21}{\376\377\0004\000.\0001\000.\0003\000.\0002\0001\000\040\000t\000e\000m\000p\000o\000\137\000m\000i\000n\000i\000m\000o\000\050\000c\000o\000n\000s\000t\000\040\000g\000r\000a\000f\000o\000\137\000p\000r\000i\000v\000\137\000t\000\040\000m\000e\000u\000\137\000g\000r\000a\000f\000o\000,\000\040\000i\000n\000t\000\040\000i\000d\000\137\000f\000i\000m\000\051}{subsection.4.1.3}% 76
\BOOKMARK [1][-]{section.4.2}{\376\377\0004\000.\0002\000\040\000R\000e\000f\000e\000r\000\352\000n\000c\000i\000a\000\040\000d\000o\000\040\000A\000r\000q\000u\000i\000v\000o\000\040\000/\000h\000o\000m\000e\000/\000r\000a\000f\000a\000e\000l\000/\000P\000r\000o\000j\000e\000t\000o\000F\000i\000n\000a\000l\000M\000P\000/\000F\000a\000s\000e\0002\000I\000n\000t\000e\000r\000f\000a\000c\000e\000/\000i\000n\000c\000l\000u\000d\000e\000/\000g\000r\000a\000f\000o\000\137\000p\000r\000i\000v\000.\000h}{chapter.4}% 77
\BOOKMARK [2][-]{subsection.4.2.1}{\376\377\0004\000.\0002\000.\0001\000\040\000D\000e\000f\000i\000n\000i\000\347\000\365\000e\000s\000\040\000d\000o\000s\000\040\000t\000i\000p\000o\000s}{section.4.2}% 78
\BOOKMARK [3][-]{subsubsection.4.2.1.1}{\376\377\0004\000.\0002\000.\0001\000.\0001\000\040\000C\000e\000l\000u\000l\000a\000\137\000p\000r\000i\000v\000\137\000t}{subsection.4.2.1}% 79
\BOOKMARK [3][-]{subsubsection.4.2.1.2}{\376\377\0004\000.\0002\000.\0001\000.\0002\000\040\000g\000r\000a\000f\000o\000\137\000p\000r\000i\000v\000\137\000t}{subsection.4.2.1}% 80
\BOOKMARK [3][-]{subsubsection.4.2.1.3}{\376\377\0004\000.\0002\000.\0001\000.\0003\000\040\000l\000i\000s\000t\000a\000\137\000a\000r\000e\000s\000t\000a\000\137\000t}{subsection.4.2.1}% 81
\BOOKMARK [3][-]{subsubsection.4.2.1.4}{\376\377\0004\000.\0002\000.\0001\000.\0004\000\040\000l\000i\000s\000t\000a\000\137\000o\000r\000i\000g\000e\000m\000\137\000t}{subsection.4.2.1}% 82
\BOOKMARK [3][-]{subsubsection.4.2.1.5}{\376\377\0004\000.\0002\000.\0001\000.\0005\000\040\000l\000i\000s\000t\000a\000\137\000v\000e\000r\000t\000\137\000c\000o\000d\000i\000g\000o\000\137\000t}{subsection.4.2.1}% 83
\BOOKMARK [3][-]{subsubsection.4.2.1.6}{\376\377\0004\000.\0002\000.\0001\000.\0006\000\040\000l\000i\000s\000t\000a\000\137\000v\000e\000r\000t\000\137\000t}{subsection.4.2.1}% 84
\BOOKMARK [2][-]{subsection.4.2.2}{\376\377\0004\000.\0002\000.\0002\000\040\000F\000u\000n\000\347\000\365\000e\000s}{section.4.2}% 85
\BOOKMARK [3][-]{subsubsection.4.2.2.1}{\376\377\0004\000.\0002\000.\0002\000.\0001\000\040\000e\000x\000i\000s\000t\000e\000\137\000o\000r\000i\000g\000e\000m\000\050\000c\000o\000n\000s\000t\000\040\000g\000r\000a\000f\000o\000\137\000p\000r\000i\000v\000\137\000t\000\040\000m\000e\000u\000\137\000g\000r\000a\000f\000o\000,\000\040\000i\000n\000t\000\040\000i\000d\000\137\000e\000x\000t\000e\000r\000n\000o\000\051}{subsection.4.2.2}% 86
\BOOKMARK [3][-]{subsubsection.4.2.2.2}{\376\377\0004\000.\0002\000.\0002\000.\0002\000\040\000i\000n\000s\000e\000r\000i\000r\000\137\000o\000r\000i\000g\000e\000m\000\050\000g\000r\000a\000f\000o\000\137\000p\000r\000i\000v\000\137\000t\000\040\000m\000e\000u\000\137\000g\000r\000a\000f\000o\000,\000\040\000C\000e\000l\000u\000l\000a\000\137\000p\000r\000i\000v\000\137\000t\000\040\000c\000e\000l\000u\000l\000a\000\051}{subsection.4.2.2}% 87
\BOOKMARK [3][-]{subsubsection.4.2.2.3}{\376\377\0004\000.\0002\000.\0002\000.\0003\000\040\000r\000e\000m\000o\000v\000e\000r\000\137\000o\000r\000i\000g\000e\000m\000\050\000g\000r\000a\000f\000o\000\137\000p\000r\000i\000v\000\137\000t\000\040\000m\000e\000u\000\137\000g\000r\000a\000f\000o\000,\000\040\000i\000n\000t\000\040\000i\000d\000\137\000e\000x\000t\000e\000r\000n\000o\000\051}{subsection.4.2.2}% 88
\BOOKMARK [1][-]{section.4.3}{\376\377\0004\000.\0003\000\040\000R\000e\000f\000e\000r\000\352\000n\000c\000i\000a\000\040\000d\000o\000\040\000A\000r\000q\000u\000i\000v\000o\000\040\000g\000r\000a\000f\000o\000.\000c\000p\000p}{chapter.4}% 89
\BOOKMARK [2][-]{subsection.4.3.1}{\376\377\0004\000.\0003\000.\0001\000\040\000D\000e\000f\000i\000n\000i\000\347\000\365\000e\000s\000\040\000e\000\040\000m\000a\000c\000r\000o\000s}{section.4.3}% 90
\BOOKMARK [3][-]{subsubsection.4.3.1.1}{\376\377\0004\000.\0003\000.\0001\000.\0001\000\040\000D\000E\000B\000U\000G}{subsection.4.3.1}% 91
\BOOKMARK [2][-]{subsection.4.3.2}{\376\377\0004\000.\0003\000.\0002\000\040\000F\000u\000n\000\347\000\365\000e\000s}{section.4.3}% 92
\BOOKMARK [3][-]{subsubsection.4.3.2.1}{\376\377\0004\000.\0003\000.\0002\000.\0001\000\040\000a\000c\000h\000a\000r\000\137\000c\000e\000l\000u\000l\000a\000\050\000c\000o\000n\000s\000t\000\040\000g\000r\000a\000f\000o\000\137\000p\000r\000i\000v\000\137\000t\000\040\000m\000e\000u\000\137\000g\000r\000a\000f\000o\000,\000\040\000i\000n\000t\000\040\000i\000d\000\137\000e\000x\000t\000e\000r\000n\000o\000\051}{subsection.4.3.2}% 93
\BOOKMARK [3][-]{subsubsection.4.3.2.2}{\376\377\0004\000.\0003\000.\0002\000.\0002\000\040\000a\000c\000h\000a\000r\000\137\000i\000d\000\050\000c\000o\000n\000s\000t\000\040\000g\000r\000a\000f\000o\000\137\000p\000r\000i\000v\000\137\000t\000\040\000m\000e\000u\000\137\000g\000r\000a\000f\000o\000,\000\040\000i\000n\000t\000\040\000i\000d\000\137\000e\000x\000t\000e\000r\000n\000o\000\051}{subsection.4.3.2}% 94
\BOOKMARK [3][-]{subsubsection.4.3.2.3}{\376\377\0004\000.\0003\000.\0002\000.\0003\000\040\000c\000r\000i\000a\000r\000\137\000g\000r\000a\000f\000o\000\050\000v\000o\000i\000d\000\051}{subsection.4.3.2}% 95
\BOOKMARK [3][-]{subsubsection.4.3.2.4}{\376\377\0004\000.\0003\000.\0002\000.\0004\000\040\000d\000e\000l\000e\000t\000a\000r\000\137\000g\000r\000a\000f\000o\000\050\000g\000r\000a\000f\000o\000\137\000p\000r\000i\000v\000\137\000t\000\040\000m\000e\000u\000\137\000g\000r\000a\000f\000o\000\051}{subsection.4.3.2}% 96
\BOOKMARK [3][-]{subsubsection.4.3.2.5}{\376\377\0004\000.\0003\000.\0002\000.\0005\000\040\000d\000f\000s\000\050\000c\000o\000n\000s\000t\000\040\000g\000r\000a\000f\000o\000\137\000p\000r\000i\000v\000\137\000t\000\040\000m\000e\000u\000\137\000g\000r\000a\000f\000o\000,\000\040\000l\000i\000s\000t\000a\000\137\000v\000e\000r\000t\000\137\000t\000\040\000a\000t\000u\000a\000l\000,\000\040\000i\000n\000t\000\040\000m\000a\000r\000c\000\051}{subsection.4.3.2}% 97
\BOOKMARK [3][-]{subsubsection.4.3.2.6}{\376\377\0004\000.\0003\000.\0002\000.\0006\000\040\000e\000d\000i\000t\000a\000r\000\137\000c\000e\000l\000u\000l\000a\000\050\000g\000r\000a\000f\000o\000\137\000p\000r\000i\000v\000\137\000t\000\040\000m\000e\000u\000\137\000g\000r\000a\000f\000o\000,\000\040\000i\000n\000t\000\040\000I\000D\000\051}{subsection.4.3.2}% 98
\BOOKMARK [3][-]{subsubsection.4.3.2.7}{\376\377\0004\000.\0003\000.\0002\000.\0007\000\040\000e\000h\000\137\000c\000o\000n\000e\000x\000o\000\050\000c\000o\000n\000s\000t\000\040\000g\000r\000a\000f\000o\000\137\000p\000r\000i\000v\000\137\000t\000\040\000m\000e\000u\000\137\000g\000r\000a\000f\000o\000\051}{subsection.4.3.2}% 99
\BOOKMARK [3][-]{subsubsection.4.3.2.8}{\376\377\0004\000.\0003\000.\0002\000.\0008\000\040\000e\000x\000i\000s\000t\000e\000\137\000a\000r\000e\000s\000t\000a\000\050\000c\000o\000n\000s\000t\000\040\000g\000r\000a\000f\000o\000\137\000p\000r\000i\000v\000\137\000t\000\040\000m\000e\000u\000\137\000g\000r\000a\000f\000o\000,\000\040\000i\000n\000t\000\040\000i\000d\000\137\000e\000x\000t\000e\000r\000n\000o\0001\000,\000\040\000i\000n\000t\000\040\000i\000d\000\137\000e\000x\000t\000e\000r\000n\000o\0002\000\051}{subsection.4.3.2}% 100
\BOOKMARK [3][-]{subsubsection.4.3.2.9}{\376\377\0004\000.\0003\000.\0002\000.\0009\000\040\000e\000x\000i\000s\000t\000e\000\137\000o\000r\000i\000g\000e\000m\000\050\000c\000o\000n\000s\000t\000\040\000g\000r\000a\000f\000o\000\137\000p\000r\000i\000v\000\137\000t\000\040\000m\000e\000u\000\137\000g\000r\000a\000f\000o\000,\000\040\000i\000n\000t\000\040\000i\000d\000\137\000e\000x\000t\000e\000r\000n\000o\000\051}{subsection.4.3.2}% 101
\BOOKMARK [3][-]{subsubsection.4.3.2.10}{\376\377\0004\000.\0003\000.\0002\000.\0001\0000\000\040\000e\000x\000i\000s\000t\000e\000\137\000v\000e\000r\000t\000\050\000c\000o\000n\000s\000t\000\040\000g\000r\000a\000f\000o\000\137\000p\000r\000i\000v\000\137\000t\000\040\000m\000e\000u\000\137\000g\000r\000a\000f\000o\000,\000\040\000i\000n\000t\000\040\000i\000d\000\137\000e\000x\000t\000e\000r\000n\000o\000\051}{subsection.4.3.2}% 102
\BOOKMARK [3][-]{subsubsection.4.3.2.11}{\376\377\0004\000.\0003\000.\0002\000.\0001\0001\000\040\000G\000r\000a\000v\000a\000\137\000A\000r\000q\000\050\000g\000r\000a\000f\000o\000\137\000p\000r\000i\000v\000\137\000t\000\040\000m\000e\000u\000\137\000g\000r\000a\000f\000o\000,\000\040\000c\000h\000a\000r\000\040\000N\000o\000m\000e\000A\000r\000q\000\051}{subsection.4.3.2}% 103
\BOOKMARK [3][-]{subsubsection.4.3.2.12}{\376\377\0004\000.\0003\000.\0002\000.\0001\0002\000\040\000I\000m\000p\000r\000i\000m\000e\000\137\000T\000a\000r\000e\000f\000a\000s\000\050\000c\000o\000n\000s\000t\000\040\000g\000r\000a\000f\000o\000\137\000p\000r\000i\000v\000\137\000t\000\040\000m\000e\000u\000\137\000g\000r\000a\000f\000o\000,\000\040\000i\000n\000t\000\040\000l\000i\000n\000h\000a\000,\000\040\000i\000n\000t\000\040\000c\000o\000l\000u\000n\000a\000\051}{subsection.4.3.2}% 104
\BOOKMARK [3][-]{subsubsection.4.3.2.13}{\376\377\0004\000.\0003\000.\0002\000.\0001\0003\000\040\000i\000n\000s\000e\000r\000i\000r\000\137\000a\000r\000e\000s\000t\000a\000\050\000g\000r\000a\000f\000o\000\137\000p\000r\000i\000v\000\137\000t\000\040\000m\000e\000u\000\137\000g\000r\000a\000f\000o\000,\000\040\000i\000n\000t\000\040\000i\000d\000\137\000e\000x\000t\000e\000r\000n\000o\0001\000,\000\040\000C\000e\000l\000u\000l\000a\000\137\000p\000r\000i\000v\000\137\000t\000\040\000c\000e\000l\000u\000l\000a\0002\000,\000\040\000i\000n\000t\000\040\000p\000e\000s\000o\000\051}{subsection.4.3.2}% 105
\BOOKMARK [3][-]{subsubsection.4.3.2.14}{\376\377\0004\000.\0003\000.\0002\000.\0001\0004\000\040\000i\000n\000s\000e\000r\000i\000r\000\137\000o\000r\000i\000g\000e\000m\000\050\000g\000r\000a\000f\000o\000\137\000p\000r\000i\000v\000\137\000t\000\040\000m\000e\000u\000\137\000g\000r\000a\000f\000o\000,\000\040\000C\000e\000l\000u\000l\000a\000\137\000p\000r\000i\000v\000\137\000t\000\040\000c\000e\000l\000u\000l\000a\000\051}{subsection.4.3.2}% 106
\BOOKMARK [3][-]{subsubsection.4.3.2.15}{\376\377\0004\000.\0003\000.\0002\000.\0001\0005\000\040\000i\000n\000s\000e\000r\000i\000r\000\137\000v\000e\000r\000t\000\050\000g\000r\000a\000f\000o\000\137\000p\000r\000i\000v\000\137\000t\000\040\000m\000e\000u\000\137\000g\000r\000a\000f\000o\000,\000\040\000C\000e\000l\000u\000l\000a\000\137\000p\000r\000i\000v\000\137\000t\000\040\000c\000e\000l\000u\000l\000a\000\051}{subsection.4.3.2}% 107
\BOOKMARK [3][-]{subsubsection.4.3.2.16}{\376\377\0004\000.\0003\000.\0002\000.\0001\0006\000\040\000j\000a\000\137\000f\000e\000i\000t\000o\000\050\000c\000o\000n\000s\000t\000\040\000g\000r\000a\000f\000o\000\137\000p\000r\000i\000v\000\137\000t\000\040\000m\000e\000u\000\137\000g\000r\000a\000f\000o\000,\000\040\000i\000n\000t\000\040\000d\000\051}{subsection.4.3.2}% 108
\BOOKMARK [3][-]{subsubsection.4.3.2.17}{\376\377\0004\000.\0003\000.\0002\000.\0001\0007\000\040\000m\000a\000i\000o\000r\000\137\000i\000d\000\050\000c\000o\000n\000s\000t\000\040\000g\000r\000a\000f\000o\000\137\000p\000r\000i\000v\000\137\000t\000\040\000m\000e\000u\000\137\000g\000r\000a\000f\000o\000\051}{subsection.4.3.2}% 109
\BOOKMARK [3][-]{subsubsection.4.3.2.18}{\376\377\0004\000.\0003\000.\0002\000.\0001\0008\000\040\000m\000e\000n\000o\000r\000\137\000c\000a\000m\000i\000n\000h\000o\000\050\000c\000o\000n\000s\000t\000\040\000g\000r\000a\000f\000o\000\137\000p\000r\000i\000v\000\137\000t\000\040\000m\000e\000u\000\137\000g\000r\000a\000f\000o\000,\000\040\000i\000n\000t\000\040\000d\000i\000s\000t\000\051}{subsection.4.3.2}% 110
\BOOKMARK [3][-]{subsubsection.4.3.2.19}{\376\377\0004\000.\0003\000.\0002\000.\0001\0009\000\040\000n\000u\000m\000\137\000a\000r\000e\000s\000t\000a\000s\000\050\000c\000o\000n\000s\000t\000\040\000g\000r\000a\000f\000o\000\137\000p\000r\000i\000v\000\137\000t\000\040\000m\000e\000u\000\137\000g\000r\000a\000f\000o\000\051}{subsection.4.3.2}% 111
\BOOKMARK [3][-]{subsubsection.4.3.2.20}{\376\377\0004\000.\0003\000.\0002\000.\0002\0000\000\040\000n\000u\000m\000\137\000v\000e\000r\000t\000\050\000c\000o\000n\000s\000t\000\040\000g\000r\000a\000f\000o\000\137\000p\000r\000i\000v\000\137\000t\000\040\000m\000e\000u\000\137\000g\000r\000a\000f\000o\000\051}{subsection.4.3.2}% 112
\BOOKMARK [3][-]{subsubsection.4.3.2.21}{\376\377\0004\000.\0003\000.\0002\000.\0002\0001\000\040\000r\000e\000m\000o\000v\000e\000r\000\137\000a\000r\000e\000s\000t\000a\000\050\000g\000r\000a\000f\000o\000\137\000p\000r\000i\000v\000\137\000t\000\040\000m\000e\000u\000\137\000g\000r\000a\000f\000o\000,\000\040\000i\000n\000t\000\040\000i\000d\000\137\000e\000x\000t\000e\000r\000n\000o\0001\000,\000\040\000i\000n\000t\000\040\000i\000d\000\137\000e\000x\000t\000e\000r\000n\000o\0002\000\051}{subsection.4.3.2}% 113
\BOOKMARK [3][-]{subsubsection.4.3.2.22}{\376\377\0004\000.\0003\000.\0002\000.\0002\0002\000\040\000r\000e\000m\000o\000v\000e\000r\000\137\000o\000r\000i\000g\000e\000m\000\050\000g\000r\000a\000f\000o\000\137\000p\000r\000i\000v\000\137\000t\000\040\000m\000e\000u\000\137\000g\000r\000a\000f\000o\000,\000\040\000i\000n\000t\000\040\000i\000d\000\137\000e\000x\000t\000e\000r\000n\000o\000\051}{subsection.4.3.2}% 114
\BOOKMARK [3][-]{subsubsection.4.3.2.23}{\376\377\0004\000.\0003\000.\0002\000.\0002\0003\000\040\000r\000e\000m\000o\000v\000e\000r\000\137\000v\000e\000r\000t\000\050\000g\000r\000a\000f\000o\000\137\000p\000r\000i\000v\000\137\000t\000\040\000m\000e\000u\000\137\000g\000r\000a\000f\000o\000,\000\040\000i\000n\000t\000\040\000i\000d\000\137\000e\000x\000t\000e\000r\000n\000o\000\051}{subsection.4.3.2}% 115
\BOOKMARK [3][-]{subsubsection.4.3.2.24}{\376\377\0004\000.\0003\000.\0002\000.\0002\0004\000\040\000t\000e\000m\000p\000o\000\137\000m\000i\000n\000i\000m\000o\000\050\000c\000o\000n\000s\000t\000\040\000g\000r\000a\000f\000o\000\137\000p\000r\000i\000v\000\137\000t\000\040\000m\000e\000u\000\137\000g\000r\000a\000f\000o\000,\000\040\000i\000n\000t\000\040\000i\000d\000\137\000f\000i\000m\000\051}{subsection.4.3.2}% 116
\BOOKMARK [1][-]{section.4.4}{\376\377\0004\000.\0004\000\040\000R\000e\000f\000e\000r\000\352\000n\000c\000i\000a\000\040\000d\000o\000\040\000A\000r\000q\000u\000i\000v\000o\000\040\000i\000n\000t\000e\000r\000f\000a\000c\000e\000.\000c\000p\000p}{chapter.4}% 117
\BOOKMARK [2][-]{subsection.4.4.1}{\376\377\0004\000.\0004\000.\0001\000\040\000F\000u\000n\000\347\000\365\000e\000s}{section.4.4}% 118
\BOOKMARK [3][-]{subsubsection.4.4.1.1}{\376\377\0004\000.\0004\000.\0001\000.\0001\000\040\000i\000n\000t\000e\000r\000f\000a\000c\000e\000\137\000c\000a\000m\000i\000n\000h\000o\000\137\000c\000o\000m\000p\000l\000e\000t\000o\000\050\000c\000o\000n\000s\000t\000\040\000g\000r\000a\000f\000o\000\137\000p\000r\000i\000v\000\137\000t\000\040\000m\000e\000u\000\137\000g\000r\000a\000f\000o\000\051}{subsection.4.4.1}% 119
\BOOKMARK [3][-]{subsubsection.4.4.1.2}{\376\377\0004\000.\0004\000.\0001\000.\0002\000\040\000i\000n\000t\000e\000r\000f\000a\000c\000e\000\137\000c\000a\000m\000i\000n\000h\000o\000\137\000p\000a\000r\000c\000i\000a\000l\000\050\000g\000r\000a\000f\000o\000\137\000p\000r\000i\000v\000\137\000t\000\040\000m\000e\000u\000\137\000g\000r\000a\000f\000o\000\051}{subsection.4.4.1}% 120
\BOOKMARK [3][-]{subsubsection.4.4.1.3}{\376\377\0004\000.\0004\000.\0001\000.\0003\000\040\000i\000n\000t\000e\000r\000f\000a\000c\000e\000\137\000e\000d\000i\000t\000a\000r\000\137\000t\000a\000r\000e\000f\000a\000\050\000g\000r\000a\000f\000o\000\137\000p\000r\000i\000v\000\137\000t\000\040\000m\000e\000u\000\137\000g\000r\000a\000f\000o\000\051}{subsection.4.4.1}% 121
\BOOKMARK [3][-]{subsubsection.4.4.1.4}{\376\377\0004\000.\0004\000.\0001\000.\0004\000\040\000i\000n\000t\000e\000r\000f\000a\000c\000e\000\137\000i\000n\000s\000e\000r\000i\000r\000\137\000t\000a\000r\000e\000f\000a\000\050\000g\000r\000a\000f\000o\000\137\000p\000r\000i\000v\000\137\000t\000\040\000m\000e\000u\000\137\000g\000r\000a\000f\000o\000\051}{subsection.4.4.1}% 122
\BOOKMARK [3][-]{subsubsection.4.4.1.5}{\376\377\0004\000.\0004\000.\0001\000.\0005\000\040\000i\000n\000t\000e\000r\000f\000a\000c\000e\000\137\000r\000e\000m\000o\000v\000e\000r\000\137\000t\000a\000r\000e\000f\000a\000\050\000g\000r\000a\000f\000o\000\137\000p\000r\000i\000v\000\137\000t\000\040\000m\000e\000u\000\137\000g\000r\000a\000f\000o\000\051}{subsection.4.4.1}% 123
\BOOKMARK [3][-]{subsubsection.4.4.1.6}{\376\377\0004\000.\0004\000.\0001\000.\0006\000\040\000i\000n\000t\000e\000r\000f\000a\000c\000e\000\137\000v\000i\000z\000u\000a\000l\000i\000z\000a\000r\000\137\000d\000e\000t\000e\000r\000m\000i\000n\000a\000d\000a\000\137\000t\000a\000r\000e\000f\000a\000\050\000c\000o\000n\000s\000t\000\040\000g\000r\000a\000f\000o\000\137\000p\000r\000i\000v\000\137\000t\000\040\000m\000e\000u\000\137\000g\000r\000a\000f\000o\000\051}{subsection.4.4.1}% 124
\BOOKMARK [3][-]{subsubsection.4.4.1.7}{\376\377\0004\000.\0004\000.\0001\000.\0007\000\040\000i\000n\000t\000e\000r\000f\000a\000c\000e\000\137\000v\000i\000z\000u\000a\000l\000i\000z\000a\000r\000\137\000t\000a\000r\000e\000f\000a\000s\000\050\000c\000o\000n\000s\000t\000\040\000g\000r\000a\000f\000o\000\137\000p\000r\000i\000v\000\137\000t\000\040\000m\000e\000u\000\137\000g\000r\000a\000f\000o\000\051}{subsection.4.4.1}% 125
\BOOKMARK [3][-]{subsubsection.4.4.1.8}{\376\377\0004\000.\0004\000.\0001\000.\0008\000\040\000m\000a\000i\000n\000\050\000\051}{subsection.4.4.1}% 126
\BOOKMARK [0][-]{section*.17}{\376\377\000\315\000n\000d\000i\000c\000e}{}% 127
